<?xml version="1.0" encoding="UTF-8"?>
<!-- Generated by org.testng.reporters.JUnitReportReporter -->
<testsuite hostname="LAPTOP-77ALH21T" failures="0" tests="1" name="typesOfExecution.Demo1Test" time="7.381" errors="0" timestamp="2025-09-16T01:05:29 IST" skipped="0">
  <testcase classname="typesOfExecution.Demo1Test" name="case1" time="7.381"/>
</testsuite> <!-- typesOfExecution.Demo1Test -->
