<?xml version="1.0" encoding="UTF-8"?>
<!-- Generated by org.testng.reporters.JUnitReportReporter -->
<testsuite hostname="LAPTOP-77ALH21T" failures="0" tests="2" name="typesOfExecution.Demo5Test" time="0.012" errors="0" timestamp="2025-09-16T01:15:00 IST" skipped="0">
  <testcase classname="typesOfExecution.Demo5Test" name="case7" time="0.010">
    <system-out>
      <![CDATA[This is Regression testing]]>
    </system-out>
  </testcase> <!-- case7 -->
  <testcase classname="typesOfExecution.Demo5Test" name="case8" time="0.002">
    <system-out>
      <![CDATA[This is Regression testing]]>
    </system-out>
  </testcase> <!-- case8 -->
  <system-out>
    <![CDATA[This is Regression testing
This is Regression testing
This is Regression testing]]>
  </system-out>
</testsuite> <!-- typesOfExecution.Demo5Test -->
