<?xml version="1.0" encoding="UTF-8"?>
<!-- Generated by org.testng.reporters.JUnitReportReporter -->
<testsuite hostname="LAPTOP-77ALH21T" failures="0" tests="4" name="testngextra.SauceDemo" time="42.750" errors="0" timestamp="2025-09-15T23:04:13 IST" skipped="0">
  <testcase classname="testngextra.SauceDemo" name="sauceDemoLogin" time="13.374"/>
  <testcase classname="testngextra.SauceDemo" name="sauceDemoLogin" time="9.769"/>
  <testcase classname="testngextra.SauceDemo" name="sauceDemoLogin" time="8.801"/>
  <testcase classname="testngextra.SauceDemo" name="sauceDemoLogin" time="10.806"/>
</testsuite> <!-- testngextra.SauceDemo -->
