<?xml version="1.0" encoding="UTF-8"?>
<!-- Generated by org.testng.reporters.JUnitReportReporter -->
<testsuite hostname="LAPTOP-77ALH21T" failures="0" tests="3" name="testngextra.Demo1" time="0.014" errors="0" timestamp="2025-09-09T17:26:30 IST" skipped="0">
  <testcase classname="testngextra.Demo1" name="case1" time="0.010"/>
  <testcase classname="testngextra.Demo1" name="case2" time="0.002"/>
  <testcase classname="testngextra.Demo1" name="case3" time="0.002"/>
</testsuite> <!-- testngextra.Demo1 -->
