<?xml version="1.0" encoding="UTF-8"?>
<!-- Generated by org.testng.reporters.JUnitReportReporter -->
<testsuite hostname="LAPTOP-77ALH21T" failures="0" tests="1" name="typesOfExecution.Demo1Test" time="15.890" errors="0" timestamp="2025-09-16T18:51:10 IST" skipped="0">
  <testcase classname="typesOfExecution.Demo1Test" name="case1" time="15.890"/>
</testsuite> <!-- typesOfExecution.Demo1Test -->
