<?xml version="1.0" encoding="UTF-8"?>
<!-- Generated by org.testng.reporters.JUnitReportReporter -->
<testsuite hostname="LAPTOP-77ALH21T" failures="0" tests="1" name="advance_report.Facebook" time="4.543" errors="0" timestamp="2025-09-19T13:04:00 IST" skipped="0">
  <testcase classname="advance_report.Facebook" name="advanRepo" time="4.543"/>
</testsuite> <!-- advance_report.Facebook -->
