<?xml version="1.0" encoding="UTF-8"?>
<!-- Generated by org.testng.reporters.JUnitReportReporter -->
<testsuite hostname="LAPTOP-77ALH21T" failures="0" tests="10" name="testngextra.InvocationCount" time="0.025" errors="0" timestamp="2025-09-13T21:27:40 IST" skipped="0">
  <testcase classname="testngextra.InvocationCount" name="createCity" time="0.001">
    <system-out>
      <![CDATA[create City....]]>
    </system-out>
  </testcase> <!-- createCity -->
  <testcase classname="testngextra.InvocationCount" name="createCity" time="0.001">
    <system-out>
      <![CDATA[create City....]]>
    </system-out>
  </testcase> <!-- createCity -->
  <testcase classname="testngextra.InvocationCount" name="createCity" time="0.002">
    <system-out>
      <![CDATA[create City....]]>
    </system-out>
  </testcase> <!-- createCity -->
  <testcase classname="testngextra.InvocationCount" name="createCity" time="0.001">
    <system-out>
      <![CDATA[create City....]]>
    </system-out>
  </testcase> <!-- createCity -->
  <testcase classname="testngextra.InvocationCount" name="createCity" time="0.006">
    <system-out>
      <![CDATA[create City....]]>
    </system-out>
  </testcase> <!-- createCity -->
  <testcase classname="testngextra.InvocationCount" name="createCity" time="0.001">
    <system-out>
      <![CDATA[create City....]]>
    </system-out>
  </testcase> <!-- createCity -->
  <testcase classname="testngextra.InvocationCount" name="createCity" time="0.008">
    <system-out>
      <![CDATA[create City....]]>
    </system-out>
  </testcase> <!-- createCity -->
  <testcase classname="testngextra.InvocationCount" name="createCity" time="0.001">
    <system-out>
      <![CDATA[create City....]]>
    </system-out>
  </testcase> <!-- createCity -->
  <testcase classname="testngextra.InvocationCount" name="createCity" time="0.003">
    <system-out>
      <![CDATA[create City....]]>
    </system-out>
  </testcase> <!-- createCity -->
  <testcase classname="testngextra.InvocationCount" name="createCity" time="0.001">
    <system-out>
      <![CDATA[create City....]]>
    </system-out>
  </testcase> <!-- createCity -->
  <system-out>
    <![CDATA[create City....
create City....
create City....
create City....
create City....
create City....
create City....
create City....
create City....
create City....]]>
  </system-out>
</testsuite> <!-- testngextra.InvocationCount -->
