<?xml version="1.0" encoding="UTF-8"?>
<!-- Generated by org.testng.reporters.JUnitReportReporter -->
<testsuite hostname="LAPTOP-77ALH21T" failures="0" tests="1" name="typesOfExecution.DemoCrossBro3Test" time="16.165" errors="0" timestamp="2025-09-17T00:17:59 IST" skipped="0">
  <testcase classname="typesOfExecution.DemoCrossBro3Test" name="case1" time="16.165"/>
</testsuite> <!-- typesOfExecution.DemoCrossBro3Test -->
