<?xml version="1.0" encoding="UTF-8"?>
<!-- Generated by org.testng.reporters.JUnitReportReporter -->
<testsuite hostname="LAPTOP-77ALH21T" failures="0" tests="1" name="organization.CreateOrgConfAnnoTest" time="19.099" errors="0" timestamp="2025-09-18T13:40:08 IST" skipped="0">
  <testcase classname="organization.CreateOrgConfAnnoTest" name="createOrgTest" time="19.099"/>
</testsuite> <!-- organization.CreateOrgConfAnnoTest -->
