<?xml version="1.0" encoding="UTF-8"?>
<!-- Generated by org.testng.reporters.JUnitReportReporter -->
<testsuite hostname="LAPTOP-77ALH21T" failures="0" tests="1" name="typesOfExecution.Demo2Test" time="13.638" errors="0" timestamp="2025-09-16T18:51:10 IST" skipped="0">
  <testcase classname="typesOfExecution.Demo2Test" name="case4" time="13.638"/>
</testsuite> <!-- typesOfExecution.Demo2Test -->
