<?xml version="1.0" encoding="UTF-8"?>
<!-- Generated by org.testng.reporters.JUnitReportReporter -->
<testsuite hostname="LAPTOP-77ALH21T" failures="0" tests="1" name="typesOfExecution.DemoCrossBroTest" time="10.872" errors="0" timestamp="2025-09-17T00:17:59 IST" skipped="0">
  <testcase classname="typesOfExecution.DemoCrossBroTest" name="case1" time="10.872"/>
</testsuite> <!-- typesOfExecution.DemoCrossBroTest -->
