<?xml version="1.0" encoding="UTF-8"?>
<!-- Generated by org.testng.reporters.JUnitReportReporter -->
<testsuite hostname="LAPTOP-77ALH21T" failures="0" tests="2" name="typesOfExecution.Demo4Test" time="0.003" errors="0" timestamp="2025-09-16T18:54:30 IST" skipped="0">
  <testcase classname="typesOfExecution.Demo4Test" name="case4" time="0.001">
    <system-out>
      <![CDATA[This is Smoke testing]]>
    </system-out>
  </testcase> <!-- case4 -->
  <testcase classname="typesOfExecution.Demo4Test" name="case6" time="0.002">
    <system-out>
      <![CDATA[This is Smoke testing]]>
    </system-out>
  </testcase> <!-- case6 -->
  <system-out>
    <![CDATA[This is Smoke testing
This is Smoke testing
This is Smoke testing]]>
  </system-out>
</testsuite> <!-- typesOfExecution.Demo4Test -->
