<?xml version="1.0" encoding="UTF-8"?>
<!-- Generated by org.testng.reporters.JUnitReportReporter -->
<testsuite hostname="LAPTOP-77ALH21T" failures="0" tests="1" name="typesOfExecution.Demo5Test" time="0.009" errors="0" timestamp="2025-09-16T18:54:30 IST" skipped="0">
  <testcase classname="typesOfExecution.Demo5Test" name="case9" time="0.009">
    <system-out>
      <![CDATA[This is Smoke testing]]>
    </system-out>
  </testcase> <!-- case9 -->
  <system-out>
    <![CDATA[This is Smoke testing
This is Smoke testing
This is Smoke testing]]>
  </system-out>
</testsuite> <!-- typesOfExecution.Demo5Test -->
