<?xml version="1.0" encoding="UTF-8"?>
<!-- Generated by org.testng.reporters.JUnitReportReporter -->
<testsuite hostname="LAPTOP-77ALH21T" failures="0" tests="5" name="testngextra.DataProviderDemo1" time="0.015" errors="0" timestamp="2025-09-15T00:27:52 IST" skipped="0">
  <testcase classname="testngextra.DataProviderDemo1" name="subjectFounder" time="0.002">
    <system-out>
      <![CDATA[HTML Tim Berners-Lee]]>
    </system-out>
  </testcase> <!-- subjectFounder -->
  <testcase classname="testngextra.DataProviderDemo1" name="subjectFounder" time="0.002">
    <system-out>
      <![CDATA[Js Bredan Eich]]>
    </system-out>
  </testcase> <!-- subjectFounder -->
  <testcase classname="testngextra.DataProviderDemo1" name="subjectFounder" time="0.001">
    <system-out>
      <![CDATA[Java James Gossling]]>
    </system-out>
  </testcase> <!-- subjectFounder -->
  <testcase classname="testngextra.DataProviderDemo1" name="subjectFounder" time="0.002">
    <system-out>
      <![CDATA[SQL Raymond Boyce]]>
    </system-out>
  </testcase> <!-- subjectFounder -->
  <testcase classname="testngextra.DataProviderDemo1" name="subjectFounder" time="0.008">
    <system-out>
      <![CDATA[Selenium Jason Huggins]]>
    </system-out>
  </testcase> <!-- subjectFounder -->
  <system-out>
    <![CDATA[Selenium Jason Huggins
Java James Gossling
SQL Raymond Boyce
Js Bredan Eich
HTML Tim Berners-Lee]]>
  </system-out>
</testsuite> <!-- testngextra.DataProviderDemo1 -->
