<?xml version="1.0" encoding="UTF-8"?>
<!-- Generated by org.testng.reporters.JUnitReportReporter -->
<testsuite hostname="LAPTOP-77ALH21T" failures="0" tests="1" name="typesOfExecution.Demo3Test" time="16.656" errors="0" timestamp="2025-09-16T18:51:10 IST" skipped="0">
  <testcase classname="typesOfExecution.Demo3Test" name="case5" time="16.656"/>
</testsuite> <!-- typesOfExecution.Demo3Test -->
