<?xml version="1.0" encoding="UTF-8"?>
<!-- Generated by org.testng.reporters.JUnitReportReporter -->
<testsuite hostname="LAPTOP-77ALH21T" failures="0" tests="2" name="testngextra.annotation.Execution" time="0.007" errors="0" timestamp="2025-09-17T00:31:30 IST" skipped="0">
  <testcase classname="testngextra.annotation.Execution" name="createOrg" time="0.001">
    <system-out>
      <![CDATA[Create Organization]]>
    </system-out>
  </testcase> <!-- createOrg -->
  <testcase classname="testngextra.annotation.Execution" name="createEmail" time="0.006">
    <system-out>
      <![CDATA[Create Email]]>
    </system-out>
  </testcase> <!-- createEmail -->
  <system-out>
    <![CDATA[Database connectivity + Report Configuration
PreCondition
Open Browser
Login
Create Email
Logout
Login
Create Organization
Logout
Close Browser
PostCondition
Database connectivity close + Report Backup]]>
  </system-out>
</testsuite> <!-- testngextra.annotation.Execution -->
