<?xml version="1.0" encoding="UTF-8"?>
<!-- Generated by org.testng.reporters.JUnitReportReporter -->
<testsuite hostname="LAPTOP-77ALH21T" failures="0" tests="2" name="testngextra.LoginFacebookTestNg" time="23.412" errors="0" timestamp="2025-09-15T00:42:22 IST" skipped="0">
  <testcase classname="testngextra.LoginFacebookTestNg" name="loginFaceBook" time="11.441"/>
  <testcase classname="testngextra.LoginFacebookTestNg" name="loginFaceBook" time="11.971"/>
</testsuite> <!-- testngextra.LoginFacebookTestNg -->
