<?xml version="1.0" encoding="UTF-8"?>
<!-- Generated by org.testng.reporters.JUnitReportReporter -->
<testsuite hostname="LAPTOP-77ALH21T" failures="0" tests="1" name="typesOfExecution.Demo3Test" time="6.350" errors="0" timestamp="2025-09-16T01:05:29 IST" skipped="0">
  <testcase classname="typesOfExecution.Demo3Test" name="case5" time="6.350"/>
</testsuite> <!-- typesOfExecution.Demo3Test -->
