<?xml version="1.0" encoding="UTF-8"?>
<!-- Generated by org.testng.reporters.JUnitReportReporter -->
<testsuite hostname="LAPTOP-77ALH21T" failures="0" tests="1" name="typesOfExecution.Demo4Test" time="0.002" errors="0" timestamp="2025-09-16T01:15:00 IST" skipped="0">
  <testcase classname="typesOfExecution.Demo4Test" name="case5" time="0.002">
    <system-out>
      <![CDATA[This is Regression testing]]>
    </system-out>
  </testcase> <!-- case5 -->
  <system-out>
    <![CDATA[This is Regression testing
This is Regression testing
This is Regression testing]]>
  </system-out>
</testsuite> <!-- typesOfExecution.Demo4Test -->
